<?xml version="1.0" encoding="UTF-8"?>
<testng-results skipped="0" failed="0" total="2" passed="2">
  <reporter-output>
  </reporter-output>
  <suite name="Grid" duration-ms="58574" started-at="2016-08-24T01:52:50Z" finished-at="2016-08-24T01:53:49Z">
    <groups>
    </groups>
    <test name="on chrome" duration-ms="30907" started-at="2016-08-24T01:52:50Z" finished-at="2016-08-24T01:53:21Z">
      <class name="grid.GridEx">
        <test-method status="PASS" signature="grid(java.lang.String)[pri:0, instance:grid.GridEx@3e682b10]" name="grid" duration-ms="30837" started-at="2016-08-24T07:22:50Z" finished-at="2016-08-24T07:23:21Z">
          <params>
            <param index="0">
              <value>
                <![CDATA[chrome]]>
              </value>
            </param>
          </params>
          <reporter-output>
          </reporter-output>
        </test-method> <!-- grid -->
      </class> <!-- grid.GridEx -->
    </test> <!-- on chrome -->
    <test name="on firefox" duration-ms="58574" started-at="2016-08-24T01:52:50Z" finished-at="2016-08-24T01:53:49Z">
      <class name="grid.GridEx">
        <test-method status="PASS" signature="grid(java.lang.String)[pri:0, instance:grid.GridEx@2c59e61a]" name="grid" duration-ms="58508" started-at="2016-08-24T07:22:50Z" finished-at="2016-08-24T07:23:49Z">
          <params>
            <param index="0">
              <value>
                <![CDATA[firefox]]>
              </value>
            </param>
          </params>
          <reporter-output>
          </reporter-output>
        </test-method> <!-- grid -->
      </class> <!-- grid.GridEx -->
    </test> <!-- on firefox -->
  </suite> <!-- Grid -->
</testng-results>
